  ui_node.cpp
D:\gxo\master\gxo\engine\ui_node.cpp(34,50): warning C4244:  “参数”: 从“T”转换到“float”，可能丢失数据
D:\gxo\master\gxo\engine\ui_node.cpp(34,50): warning C4244:         with
D:\gxo\master\gxo\engine\ui_node.cpp(34,50): warning C4244:         [
D:\gxo\master\gxo\engine\ui_node.cpp(34,50): warning C4244:             T=glm::i32
D:\gxo\master\gxo\engine\ui_node.cpp(34,50): warning C4244:         ]
D:\gxo\master\gxo\engine\ui_node.cpp(34,42): warning C4244:  “参数”: 从“T”转换到“float”，可能丢失数据
D:\gxo\master\gxo\engine\ui_node.cpp(34,42): warning C4244:         with
D:\gxo\master\gxo\engine\ui_node.cpp(34,42): warning C4244:         [
D:\gxo\master\gxo\engine\ui_node.cpp(34,42): warning C4244:             T=glm::i32
D:\gxo\master\gxo\engine\ui_node.cpp(34,42): warning C4244:         ]
D:\gxo\master\gxo\engine\ui_node.cpp(34,34): warning C4244:  “参数”: 从“T”转换到“float”，可能丢失数据
D:\gxo\master\gxo\engine\ui_node.cpp(34,34): warning C4244:         with
D:\gxo\master\gxo\engine\ui_node.cpp(34,34): warning C4244:         [
D:\gxo\master\gxo\engine\ui_node.cpp(34,34): warning C4244:             T=glm::i32
D:\gxo\master\gxo\engine\ui_node.cpp(34,34): warning C4244:         ]
D:\gxo\master\gxo\engine\ui_node.cpp(34,22): warning C4244:  “参数”: 从“T”转换到“float”，可能丢失数据
D:\gxo\master\gxo\engine\ui_node.cpp(34,22): warning C4244:         with
D:\gxo\master\gxo\engine\ui_node.cpp(34,22): warning C4244:         [
D:\gxo\master\gxo\engine\ui_node.cpp(34,22): warning C4244:             T=glm::i32
D:\gxo\master\gxo\engine\ui_node.cpp(34,22): warning C4244:         ]
  engine.vcxproj -> D:\gxo\master\gxo\Debug\engine.exe
